<?xml version="1.0" encoding="UTF-8"?>
<!-- Generated by org.testng.reporters.JUnitReportReporter -->
<testsuite hostname="Pavels-MBP" failures="0" tests="1" name="runner.ProjectRunner" time="98.839" errors="0" timestamp="2020-10-07T19:19:17 EDT" skipped="0">
  <testcase classname="runner.ProjectRunner" name="runScenario" time="98.839"/>
  <system-out/>
</testsuite> <!-- runner.ProjectRunner -->
