<?xml version="1.0" encoding="UTF-8"?>
<!-- Generated by org.testng.reporters.JUnitReportReporter -->
<testsuite skipped="0" hostname="Gianfranco" name="runner.ProjectRunner" tests="1" failures="0" timestamp="2020-10-07T21:15:26 EDT" time="14.835" errors="0">
  <testcase name="runScenario" time="14.835" classname="runner.ProjectRunner"/>
  <system-out/>
</testsuite> <!-- runner.ProjectRunner -->
