<?xml version="1.0" encoding="UTF-8"?>
<!-- Generated by org.testng.reporters.JUnitReportReporter -->
<<<<<<< HEAD
<testsuite skipped="0" hostname="Gianfranco" name="runner.ProjectRunner" tests="1" failures="0" timestamp="2020-10-07T21:15:26 EDT" time="14.835" errors="0">
  <testcase name="runScenario" time="14.835" classname="runner.ProjectRunner"/>
=======
<testsuite skipped="0" hostname="DESKTOP-LDVKMQE" name="runner.ProjectRunner" tests="1" failures="0" timestamp="2020-10-07T21:16:26 EDT" time="21.655" errors="0">
  <testcase name="runScenario" time="21.655" classname="runner.ProjectRunner"/>
>>>>>>> 915f65304ec056219ea54f47a8a414d1fde0a2b2
  <system-out/>
</testsuite> <!-- runner.ProjectRunner -->
