<?xml version="1.0" encoding="UTF-8"?>
<!-- Generated by org.testng.reporters.JUnitReportReporter -->
<testsuite hostname="Muneers-MacBook-Pro.local" failures="2" tests="13" name="runner.ProjectRunner" time="214.084" errors="0" timestamp="2020-10-08T00:06:55 EDT" skipped="0">
  <testcase classname="runner.ProjectRunner" name="runScenario" time="19.707"/>
  <system-out/>
  <testcase classname="runner.ProjectRunner" name="runScenario" time="13.060"/>
  <system-out/>
  <testcase classname="runner.ProjectRunner" name="runScenario" time="19.281"/>
  <system-out/>
  <testcase classname="runner.ProjectRunner" name="runScenario" time="19.581"/>
  <system-out/>
  <testcase classname="runner.ProjectRunner" name="runScenario" time="21.918">
    <failure message="expected [0] but found [1]" type="java.lang.AssertionError">
      <![CDATA[java.lang.AssertionError: expected [0] but found [1]
at org.testng.Assert.fail(Assert.java:99)
at org.testng.Assert.failNotEquals(Assert.java:1037)
at org.testng.Assert.assertEqualsImpl(Assert.java:140)
at org.testng.Assert.assertEquals(Assert.java:122)
at org.testng.Assert.assertEquals(Assert.java:907)
at org.testng.Assert.assertEquals(Assert.java:917)
at UI_Selenium.step_defs.TLA_6_AllTopicsTest.iVerifyThatAllTopicDashboadDoesNotContains(TLA_6_AllTopicsTest.java:72)
at ✽.I verify that AllTopic dashboad does not contains "what is your name 342344?"(file:///Users/muneerhussainy/Desktop/DynamicDevelopers/src/test/resources/features/UI/TLA_6_AllTopics.feature:34)
]]>
    </failure>
  </testcase> <!-- runScenario -->
  <system-out/>
  <testcase classname="runner.ProjectRunner" name="runScenario" time="16.678"/>
  <system-out/>
  <testcase classname="runner.ProjectRunner" name="runScenario" time="11.719"/>
  <system-out/>
  <testcase classname="runner.ProjectRunner" name="runScenario" time="28.127"/>
  <system-out/>
  <testcase classname="runner.ProjectRunner" name="runScenario" time="13.416">
    <failure message="expected [test question] but found [How to get a substring?]" type="java.lang.AssertionError">
      <![CDATA[java.lang.AssertionError: expected [test question] but found [How to get a substring?]
at org.testng.Assert.fail(Assert.java:99)
at org.testng.Assert.failNotEquals(Assert.java:1037)
at org.testng.Assert.assertEqualsImpl(Assert.java:140)
at org.testng.Assert.assertEquals(Assert.java:122)
at org.testng.Assert.assertEquals(Assert.java:629)
at org.testng.Assert.assertEquals(Assert.java:639)
at UI_Selenium.step_defs.TLA_6_AllTopicsTest.iVerifyThatAllTopicDashboadContains(TLA_6_AllTopicsTest.java:63)
at ✽.I verify that AllTopic dashboad contains "How to get a substring?"(file:///Users/muneerhussainy/Desktop/DynamicDevelopers/src/test/resources/features/UI/TLA_6_AllTopics.feature:19)
]]>
    </failure>
  </testcase> <!-- runScenario -->
  <system-out/>
  <testcase classname="runner.ProjectRunner" name="runScenario" time="19.153"/>
  <system-out/>
  <testcase classname="runner.ProjectRunner" name="runScenario" time="11.103"/>
  <system-out/>
  <testcase classname="runner.ProjectRunner" name="runScenario" time="9.770"/>
  <system-out/>
  <testcase classname="runner.ProjectRunner" name="runScenario" time="10.571"/>
  <system-out/>
</testsuite> <!-- runner.ProjectRunner -->
