<?xml version="1.0" encoding="UTF-8"?>
<!-- Generated by org.testng.reporters.JUnitReportReporter -->
<testsuite skipped="0" hostname="LAPTOP-8BHR382D" name="runner.ProjectRunner" tests="1" failures="0" timestamp="2020-10-08T19:54:27 EDT" time="110.427" errors="0">
  <testcase name="runScenario" time="110.427" classname="runner.ProjectRunner"/>
  <system-out/>
</testsuite> <!-- runner.ProjectRunner -->
