<?xml version="1.0" encoding="UTF-8"?>
<!-- Generated by org.testng.reporters.JUnitReportReporter -->
<testsuite hostname="Pavels-MBP" failures="0" tests="2" name="runner.ProjectRunner" time="100.401" errors="0" timestamp="2020-10-04T20:32:45 EDT" skipped="0">
  <testcase classname="runner.ProjectRunner" name="runScenario" time="95.854"/>
  <system-out/>
  <testcase classname="runner.ProjectRunner" name="runScenario" time="4.547"/>
  <system-out/>
</testsuite> <!-- runner.ProjectRunner -->
