<?xml version="1.0" encoding="UTF-8"?>
<!-- Generated by org.testng.reporters.JUnitReportReporter -->
<testsuite hostname="Muneers-MacBook-Pro.local" failures="0" tests="2" name="runner.ProjectRunner" time="95.977" errors="0" timestamp="2020-10-06T19:59:19 EDT" skipped="0">
  <testcase classname="runner.ProjectRunner" name="runScenario" time="4.647"/>
  <system-out/>
  <testcase classname="runner.ProjectRunner" name="runScenario" time="91.330"/>
  <system-out/>
</testsuite> <!-- runner.ProjectRunner -->
