<?xml version="1.0" encoding="UTF-8"?>
<!-- Generated by org.testng.reporters.JUnitReportReporter -->
<testsuite skipped="0" hostname="DESKTOP-LDVKMQE" name="runner.ProjectRunner" tests="1" failures="0" timestamp="2020-10-07T21:16:26 EDT" time="21.655" errors="0">
  <testcase name="runScenario" time="21.655" classname="runner.ProjectRunner"/>
  <system-out/>
</testsuite> <!-- runner.ProjectRunner -->
